{
  "stats": {
    "suites": 1,
    "tests": 1,
    "passes": 1,
    "pending": 0,
    "failures": 0,
    "start": "2023-09-23T12:22:32.221Z",
    "end": "2023-09-23T12:22:34.444Z",
    "duration": 2223,
    "testsRegistered": 1,
    "passPercent": 100,
    "pendingPercent": 0,
    "other": 0,
    "hasOther": false,
    "skipped": 0,
    "hasSkipped": false
  },
  "results": [
    {
      "uuid": "c891e1f4-d317-47ba-babc-9fb224d790c3",
      "title": "",
      "fullFile": "C:\\Users\\octav\\OneDrive\\Escritorio\\seleniumAdvenced\\test\\contextMenu.spec.js",
      "file": "\\test\\contextMenu.spec.js",
      "beforeHooks": [],
      "afterHooks": [],
      "tests": [],
      "suites": [
        {
          "uuid": "3424ab3b-074c-4098-bcf5-223d0ed825b7",
          "title": "Validamos contextMenu",
          "fullFile": "C:\\Users\\octav\\OneDrive\\Escritorio\\seleniumAdvenced\\test\\contextMenu.spec.js",
          "file": "\\test\\contextMenu.spec.js",
          "beforeHooks": [
            {
              "title": "\"before each\" hook in \"Validamos contextMenu\"",
              "fullTitle": "Validamos contextMenu \"before each\" hook in \"Validamos contextMenu\"",
              "timedOut": false,
              "duration": 622,
              "state": null,
              "speed": null,
              "pass": false,
              "fail": false,
              "pending": false,
              "context": null,
              "code": "await contextMenu.get_driver(\"chrome\");\nawait contextMenu.go_to_url(\"https://the-internet.herokuapp.com/context_menu\")\nawait contextMenu.maximize_window();",
              "err": {},
              "uuid": "90cc32e7-157e-4862-9402-db45322b7b39",
              "parentUUID": "3424ab3b-074c-4098-bcf5-223d0ed825b7",
              "isHook": true,
              "skipped": false
            }
          ],
          "afterHooks": [
            {
              "title": "\"after each\" hook in \"Validamos contextMenu\"",
              "fullTitle": "Validamos contextMenu \"after each\" hook in \"Validamos contextMenu\"",
              "timedOut": false,
              "duration": 18,
              "state": null,
              "speed": null,
              "pass": false,
              "fail": false,
              "pending": false,
              "context": null,
              "code": "await driver.quit();",
              "err": {},
              "uuid": "3f712deb-f38c-4041-857a-0243268ba7b0",
              "parentUUID": "3424ab3b-074c-4098-bcf5-223d0ed825b7",
              "isHook": true,
              "skipped": false
            }
          ],
          "tests": [
            {
              "title": "",
              "fullTitle": "Validamos contextMenu ",
              "timedOut": false,
              "duration": 1581,
              "state": "passed",
              "speed": "slow",
              "pass": true,
              "fail": false,
              "pending": false,
              "context": null,
              "code": "const element = await driver.findElement(By.id(selectors.sectionOfInterestId));\n// Crea una instancia de ActionSequence\nconst actions = driver.actions({ bridge: true });\n// Realiza un clic derecho en el elemento\nawait actions.contextClick(element).perform();\nconst alert = await driver.switchTo().alert();\n// Obtengo el texto de la alerta y valido que este correcto\nconst alertText = await alert.getText();\nassert.equal(alertText, \"You selected a context menu\");\nawait alert.accept();",
              "err": {},
              "uuid": "b008dc66-04ab-44e7-86c5-305f7eb5251e",
              "parentUUID": "3424ab3b-074c-4098-bcf5-223d0ed825b7",
              "isHook": false,
              "skipped": false
            }
          ],
          "suites": [],
          "passes": [
            "b008dc66-04ab-44e7-86c5-305f7eb5251e"
          ],
          "failures": [],
          "pending": [],
          "skipped": [],
          "duration": 1581,
          "root": false,
          "rootEmpty": false,
          "_timeout": 0
        }
      ],
      "passes": [],
      "failures": [],
      "pending": [],
      "skipped": [],
      "duration": 0,
      "root": true,
      "rootEmpty": true,
      "_timeout": 0
    }
  ],
  "meta": {
    "mocha": {
      "version": "10.2.0"
    },
    "mochawesome": {
      "options": {
        "quiet": false,
        "reportFilename": "testResults",
        "saveHtml": true,
        "saveJson": true,
        "consoleReporter": "spec",
        "useInlineDiffs": false,
        "code": true
      },
      "version": "7.1.3"
    },
    "marge": {
      "options": {
        "reportDir": "/Users/octav/OneDrive/Escritorio/seleniumAdvenced/TestsReports",
        "reportFilename": "testResults"
      },
      "version": "6.2.0"
    }
  }
}