{
  "stats": {
    "suites": 1,
    "tests": 2,
    "passes": 2,
    "pending": 0,
    "failures": 0,
    "start": "2023-09-26T09:03:57.443Z",
    "end": "2023-09-26T09:04:03.174Z",
    "duration": 5731,
    "testsRegistered": 2,
    "passPercent": 100,
    "pendingPercent": 0,
    "other": 0,
    "hasOther": false,
    "skipped": 0,
    "hasSkipped": false
  },
  "results": [
    {
      "uuid": "ad7379de-d2b0-4585-8015-d64359232660",
      "title": "",
      "fullFile": "C:\\Users\\octav\\OneDrive\\Escritorio\\seleniumAdvenced\\test\\hover.spec.js",
      "file": "\\test\\hover.spec.js",
      "beforeHooks": [],
      "afterHooks": [],
      "tests": [],
      "suites": [
        {
          "uuid": "523664d3-8f7c-47f6-a2f6-6fa2f2c48ecc",
          "title": "Testeo de hover",
          "fullFile": "C:\\Users\\octav\\OneDrive\\Escritorio\\seleniumAdvenced\\test\\hover.spec.js",
          "file": "\\test\\hover.spec.js",
          "beforeHooks": [
            {
              "title": "\"before each\" hook in \"Testeo de hover\"",
              "fullTitle": "Testeo de hover \"before each\" hook in \"Testeo de hover\"",
              "timedOut": false,
              "duration": 599,
              "state": null,
              "speed": null,
              "pass": false,
              "fail": false,
              "pending": false,
              "context": null,
              "code": "await hover.get_driver(\"chrome\");\nawait hover.go_to_url(\"https://demoqa.com/tool-tips\")\nawait hover.maximize_window();",
              "err": {},
              "uuid": "698acde1-65c2-4090-bea1-41af5f65ed97",
              "parentUUID": "523664d3-8f7c-47f6-a2f6-6fa2f2c48ecc",
              "isHook": true,
              "skipped": false
            }
          ],
          "afterHooks": [
            {
              "title": "\"after each\" hook in \"Testeo de hover\"",
              "fullTitle": "Testeo de hover \"after each\" hook in \"Testeo de hover\"",
              "timedOut": false,
              "duration": 21,
              "state": null,
              "speed": null,
              "pass": false,
              "fail": false,
              "pending": false,
              "context": null,
              "code": "await driver.quit();",
              "err": {},
              "uuid": "a57490ca-5bec-4835-ba06-2fb9d741260d",
              "parentUUID": "523664d3-8f7c-47f6-a2f6-6fa2f2c48ecc",
              "isHook": true,
              "skipped": false
            }
          ],
          "tests": [
            {
              "title": "Pruebo del hover del button",
              "fullTitle": "Testeo de hover Pruebo del hover del button",
              "timedOut": false,
              "duration": 2263,
              "state": "passed",
              "speed": "slow",
              "pass": true,
              "fail": false,
              "pending": false,
              "context": null,
              "code": "// Localiza el elemento hover\n        const elementoHover = await global.driver.findElement(By.id(selectors.buttonId));\n        // Realiza una acción de hover sobre el elemento\n        const actions = driver.actions({ bridge: true });\n        await actions.move({ origin: elementoHover }).perform();\n        // Espera a que aparezca el elemento de texto que deseas validar\n        const elementoTexto = await driver.wait(\n            until.elementLocated(By.id(selectors.hoverButtonId)),\n            5000 // Tiempo máximo de espera en milisegundos\n        );\n        // Valida el texto obtenido con el esperado\n        const textoActual = await elementoTexto.getText();\n        const textoEsperado = \"You hovered over the Button\";\n        assert.equal(textoActual, textoEsperado);",
              "err": {},
              "uuid": "77b3a5da-d9fb-4dbb-9231-427f10297d00",
              "parentUUID": "523664d3-8f7c-47f6-a2f6-6fa2f2c48ecc",
              "isHook": false,
              "skipped": false
            },
            {
              "title": "Pruebo del hover del button",
              "fullTitle": "Testeo de hover Pruebo del hover del button",
              "timedOut": false,
              "duration": 2209,
              "state": "passed",
              "speed": "slow",
              "pass": true,
              "fail": false,
              "pending": false,
              "context": null,
              "code": "// Localiza el elemento hover\n        const elementoHover = await global.driver.findElement(By.id(selectors.textFieldId));\n        // Realiza una acción de hover sobre el elemento\n        const actions = driver.actions({ bridge: true });\n        await actions.move({ origin: elementoHover }).perform();\n        // Espera a que aparezca el elemento de texto que deseas validar\n        const elementoTexto = await driver.wait(\n            until.elementLocated(By.id(selectors.hoverTextFieldId)),\n            5000 // Tiempo máximo de espera en milisegundos\n        );\n        // Valida el texto obtenido con el esperado\n        const textoActual = await elementoTexto.getText();\n        const textoEsperado = \"You hovered over the text field\";\n        assert.equal(textoActual, textoEsperado);",
              "err": {},
              "uuid": "bba891fd-c137-4d90-bc53-d8887827728c",
              "parentUUID": "523664d3-8f7c-47f6-a2f6-6fa2f2c48ecc",
              "isHook": false,
              "skipped": false
            }
          ],
          "suites": [],
          "passes": [
            "77b3a5da-d9fb-4dbb-9231-427f10297d00",
            "bba891fd-c137-4d90-bc53-d8887827728c"
          ],
          "failures": [],
          "pending": [],
          "skipped": [],
          "duration": 4472,
          "root": false,
          "rootEmpty": false,
          "_timeout": 0
        }
      ],
      "passes": [],
      "failures": [],
      "pending": [],
      "skipped": [],
      "duration": 0,
      "root": true,
      "rootEmpty": true,
      "_timeout": 0
    }
  ],
  "meta": {
    "mocha": {
      "version": "10.2.0"
    },
    "mochawesome": {
      "options": {
        "quiet": false,
        "reportFilename": "testResults",
        "saveHtml": true,
        "saveJson": true,
        "consoleReporter": "spec",
        "useInlineDiffs": false,
        "code": true
      },
      "version": "7.1.3"
    },
    "marge": {
      "options": {
        "reportDir": "/Users/octav/OneDrive/Escritorio/seleniumAdvenced/TestsReports",
        "reportFilename": "testResults"
      },
      "version": "6.2.0"
    }
  }
}