{
  "stats": {
    "suites": 1,
    "tests": 2,
    "passes": 1,
    "pending": 0,
    "failures": 1,
    "start": "2023-09-23T14:39:32.377Z",
    "end": "2023-09-23T14:39:35.821Z",
    "duration": 3444,
    "testsRegistered": 2,
    "passPercent": 50,
    "pendingPercent": 0,
    "other": 0,
    "hasOther": false,
    "skipped": 0,
    "hasSkipped": false
  },
  "results": [
    {
      "uuid": "40852707-fe6f-49f7-aa30-d1211e264b59",
      "title": "",
      "fullFile": "C:\\Users\\octav\\OneDrive\\Escritorio\\seleniumAdvenced\\test\\digestResponse.js",
      "file": "\\test\\digestResponse.js",
      "beforeHooks": [],
      "afterHooks": [],
      "tests": [],
      "suites": [
        {
          "uuid": "56ff0099-65b5-4ae6-976f-43f8bbff8631",
          "title": "autenticacion digest",
          "fullFile": "C:\\Users\\octav\\OneDrive\\Escritorio\\seleniumAdvenced\\test\\digestResponse.js",
          "file": "\\test\\digestResponse.js",
          "beforeHooks": [
            {
              "title": "\"before each\" hook in \"autenticacion digest\"",
              "fullTitle": "autenticacion digest \"before each\" hook in \"autenticacion digest\"",
              "timedOut": false,
              "duration": 585,
              "state": null,
              "speed": null,
              "pass": false,
              "fail": false,
              "pending": false,
              "context": null,
              "code": "await digestAuth.get_driver(\"chrome\");\nawait digestAuth.maximize_window();",
              "err": {},
              "uuid": "8378cdc0-45f9-4020-92f1-7ec23e3fc34f",
              "parentUUID": "56ff0099-65b5-4ae6-976f-43f8bbff8631",
              "isHook": true,
              "skipped": false
            }
          ],
          "afterHooks": [
            {
              "title": "\"after each\" hook in \"autenticacion digest\"",
              "fullTitle": "autenticacion digest \"after each\" hook in \"autenticacion digest\"",
              "timedOut": false,
              "duration": 0,
              "state": null,
              "speed": null,
              "pass": false,
              "fail": false,
              "pending": false,
              "context": null,
              "code": "//await driver.quit();",
              "err": {},
              "uuid": "51bbb943-086f-4b9a-a71a-ba75f82fcb0b",
              "parentUUID": "56ff0099-65b5-4ae6-976f-43f8bbff8631",
              "isHook": true,
              "skipped": false
            }
          ],
          "tests": [
            {
              "title": "Se intenta el caso de exito con los datos correctos para login",
              "fullTitle": "autenticacion digest Se intenta el caso de exito con los datos correctos para login",
              "timedOut": false,
              "duration": 1565,
              "state": "passed",
              "speed": "slow",
              "pass": true,
              "fail": false,
              "pending": false,
              "context": null,
              "code": "//Se autentifica con los datos correcto\nawait digestAuth.autenticacionDigest(form.usuario, form.pass);\n//Se valida el mensaje de exito\nlet textoExito = await global.driver.findElement(By.css(\"#content p\")).getText();\nassert.equal(textoExito, \"Congratulations! You must have the proper credentials.\")",
              "err": {},
              "uuid": "d11df76e-0557-4df6-b048-d57958506266",
              "parentUUID": "56ff0099-65b5-4ae6-976f-43f8bbff8631",
              "isHook": false,
              "skipped": false
            },
            {
              "title": "Se intenta ingresar con datos incorrectos",
              "fullTitle": "autenticacion digest Se intenta ingresar con datos incorrectos",
              "timedOut": false,
              "duration": 666,
              "state": "failed",
              "speed": null,
              "pass": false,
              "fail": true,
              "pending": false,
              "context": null,
              "code": "//Se autentifica con los datos correcto\nawait digestAuth.autenticacionDigest(\"Uruario Incorrecto\", \"passwordIncorrecto\");\n//Se valida el mensaje de exito\nlet textoExito = await global.driver.findElement(By.css(\"#content p\")).getText();\nassert.equal(textoExito, \"Congratulations! You must have the proper credentials.\")",
              "err": {
                "message": "NoSuchElementError: no such element: Unable to locate element: {\"method\":\"css selector\",\"selector\":\"#content p\"}\n  (Session info: chrome=117.0.5938.92)",
                "estack": "NoSuchElementError: no such element: Unable to locate element: {\"method\":\"css selector\",\"selector\":\"#content p\"}\n  (Session info: chrome=117.0.5938.92)\n    at Object.throwDecodedError (node_modules\\selenium-webdriver\\lib\\error.js:524:15)\n    at parseHttpResponse (node_modules\\selenium-webdriver\\lib\\http.js:601:13)\n    at Executor.execute (node_modules\\selenium-webdriver\\lib\\http.js:529:28)\n    at process.processTicksAndRejections (node:internal/process/task_queues:95:5)\n    at async thenableWebDriverProxy.execute (node_modules\\selenium-webdriver\\lib\\webdriver.js:745:17)\n    at async toWireValue (node_modules\\selenium-webdriver\\lib\\webdriver.js:145:15)\n    at async C:\\Users\\octav\\OneDrive\\Escritorio\\seleniumAdvenced\\node_modules\\selenium-webdriver\\lib\\webdriver.js:195:16\n    at async forEachKey (node_modules\\selenium-webdriver\\lib\\webdriver.js:189:9)\n    at async convertKeys (node_modules\\selenium-webdriver\\lib\\webdriver.js:194:3)\n    at async thenableWebDriverProxy.execute (node_modules\\selenium-webdriver\\lib\\webdriver.js:743:22)\n    at async Context.<anonymous> (test\\digestResponse.js:36:26)",
                "diff": null
              },
              "uuid": "0763ec88-d8f3-4d85-914e-e442d5ab8a56",
              "parentUUID": "56ff0099-65b5-4ae6-976f-43f8bbff8631",
              "isHook": false,
              "skipped": false
            }
          ],
          "suites": [],
          "passes": [
            "d11df76e-0557-4df6-b048-d57958506266"
          ],
          "failures": [
            "0763ec88-d8f3-4d85-914e-e442d5ab8a56"
          ],
          "pending": [],
          "skipped": [],
          "duration": 2231,
          "root": false,
          "rootEmpty": false,
          "_timeout": 0
        }
      ],
      "passes": [],
      "failures": [],
      "pending": [],
      "skipped": [],
      "duration": 0,
      "root": true,
      "rootEmpty": true,
      "_timeout": 0
    }
  ],
  "meta": {
    "mocha": {
      "version": "10.2.0"
    },
    "mochawesome": {
      "options": {
        "quiet": false,
        "reportFilename": "testResults",
        "saveHtml": true,
        "saveJson": true,
        "consoleReporter": "spec",
        "useInlineDiffs": false,
        "code": true
      },
      "version": "7.1.3"
    },
    "marge": {
      "options": {
        "reportDir": "/Users/octav/OneDrive/Escritorio/seleniumAdvenced/TestsReports",
        "reportFilename": "testResults"
      },
      "version": "6.2.0"
    }
  }
}