{
  "stats": {
    "suites": 1,
    "tests": 2,
    "passes": 2,
    "pending": 0,
    "failures": 0,
    "start": "2023-09-26T17:10:56.018Z",
    "end": "2023-09-26T17:11:02.378Z",
    "duration": 6360,
    "testsRegistered": 2,
    "passPercent": 100,
    "pendingPercent": 0,
    "other": 0,
    "hasOther": false,
    "skipped": 0,
    "hasSkipped": false
  },
  "results": [
    {
      "uuid": "daa7c123-a763-4930-b5f5-72b9c13f93d5",
      "title": "",
      "fullFile": "C:\\Users\\octav\\OneDrive\\Escritorio\\seleniumAdvenced\\test\\windows.spec.js",
      "file": "\\test\\windows.spec.js",
      "beforeHooks": [],
      "afterHooks": [],
      "tests": [],
      "suites": [
        {
          "uuid": "e8b11019-7c2c-4326-af79-8f46ff902bcc",
          "title": "Navegación dentro de pestañas",
          "fullFile": "C:\\Users\\octav\\OneDrive\\Escritorio\\seleniumAdvenced\\test\\windows.spec.js",
          "file": "\\test\\windows.spec.js",
          "beforeHooks": [
            {
              "title": "\"before each\" hook in \"Navegación dentro de pestañas\"",
              "fullTitle": "Navegación dentro de pestañas \"before each\" hook in \"Navegación dentro de pestañas\"",
              "timedOut": false,
              "duration": 595,
              "state": null,
              "speed": null,
              "pass": false,
              "fail": false,
              "pending": false,
              "context": null,
              "code": "await windows.get_driver(\"chrome\");\nawait windows.go_to_url(\"https://demoqa.com/browser-windows\")\nawait windows.maximize_window();",
              "err": {},
              "uuid": "fbdc99e0-0663-422d-9751-68c584b1c7d6",
              "parentUUID": "e8b11019-7c2c-4326-af79-8f46ff902bcc",
              "isHook": true,
              "skipped": false
            }
          ],
          "afterHooks": [
            {
              "title": "\"after each\" hook in \"Navegación dentro de pestañas\"",
              "fullTitle": "Navegación dentro de pestañas \"after each\" hook in \"Navegación dentro de pestañas\"",
              "timedOut": false,
              "duration": 24,
              "state": null,
              "speed": null,
              "pass": false,
              "fail": false,
              "pending": false,
              "context": null,
              "code": "await driver.quit();",
              "err": {},
              "uuid": "003d19f4-017e-4ef5-b9ac-3ddfe6c7b7a1",
              "parentUUID": "e8b11019-7c2c-4326-af79-8f46ff902bcc",
              "isHook": true,
              "skipped": false
            }
          ],
          "tests": [
            {
              "title": "Se abren dos pestañas y se navega a la primera abierta, se valida su URL",
              "fullTitle": "Navegación dentro de pestañas Se abren dos pestañas y se navega a la primera abierta, se valida su URL",
              "timedOut": false,
              "duration": 1163,
              "state": "passed",
              "speed": "slow",
              "pass": true,
              "fail": false,
              "pending": false,
              "context": null,
              "code": "// Abrir una nueva pestaña (esto puede variar según el navegador)\n        const button = await global.driver.findElement(By.id(selectors.newTabButtonId));\n        //const button = await global.driver.wait(until.elementLocated(By.css(selectors.newTabButtonId)), 2000);\n        await button.click();\n        await button.click();\n        // Cambiar al contexto de la nueva pestaña\n        const ventanas = await driver.getAllWindowHandles();\n        await driver.switchTo().window(ventanas[1]); // Cambiar a la segunda pestaña\n        // Navegar en la segunda pestaña\n        const header = await global.driver.findElement(By.id(selectors.headingId));\n        // Realizar acciones en la segunda pestaña (puede ser cualquier interacción)\n        assert.equal(await header.getText(), \"This is a sample page\")\n        // Cambiar de nuevo al contexto de la primera pestaña\n        await driver.switchTo().window(ventanas[2]); // Cambiar a la primera pestaña\n        // Realizar acciones en la primera pestaña (puede ser cualquier interacción)\n        // Cerrar la segunda pestaña (esto también puede variar según el navegador)\n        await global.driver.close();\n        await driver.switchTo().window(ventanas[1]);\n        await global.driver.close();",
              "err": {},
              "uuid": "6646e93c-9212-41a2-8ea5-72a2f440116c",
              "parentUUID": "e8b11019-7c2c-4326-af79-8f46ff902bcc",
              "isHook": false,
              "skipped": false
            },
            {
              "title": "Se abren dos ventanas y se navega a la primera abierta, se valida su URL",
              "fullTitle": "Navegación dentro de pestañas Se abren dos ventanas y se navega a la primera abierta, se valida su URL",
              "timedOut": false,
              "duration": 3928,
              "state": "passed",
              "speed": "slow",
              "pass": true,
              "fail": false,
              "pending": false,
              "context": null,
              "code": "// Abrir una nueva pestaña (esto puede variar según el navegador)\n        const button = await global.driver.findElement(By.id(selectors.newWindowButtonId));\n        await button.click();\n        await button.click();\n        // Cambiar al contexto de la nueva pestaña\n        const ventanas = await driver.getAllWindowHandles();\n        await driver.switchTo().window(ventanas[1]); // Cambiar a la segunda pestaña\n        // Realiza acciones en la segunda ventana\n        await driver.get('https://www.example2.com');\n        await windows.maximize_window();\n        let input = await global.driver.findElement(By.css('#searchform > input'));\n        await input.sendKeys(\"100\", Key.RETURN);",
              "err": {},
              "uuid": "5cafff96-a5e1-405b-b9a6-7e224aea92c0",
              "parentUUID": "e8b11019-7c2c-4326-af79-8f46ff902bcc",
              "isHook": false,
              "skipped": false
            }
          ],
          "suites": [],
          "passes": [
            "6646e93c-9212-41a2-8ea5-72a2f440116c",
            "5cafff96-a5e1-405b-b9a6-7e224aea92c0"
          ],
          "failures": [],
          "pending": [],
          "skipped": [],
          "duration": 5091,
          "root": false,
          "rootEmpty": false,
          "_timeout": 0
        }
      ],
      "passes": [],
      "failures": [],
      "pending": [],
      "skipped": [],
      "duration": 0,
      "root": true,
      "rootEmpty": true,
      "_timeout": 0
    }
  ],
  "meta": {
    "mocha": {
      "version": "10.2.0"
    },
    "mochawesome": {
      "options": {
        "quiet": false,
        "reportFilename": "testResults",
        "saveHtml": true,
        "saveJson": true,
        "consoleReporter": "spec",
        "useInlineDiffs": false,
        "code": true
      },
      "version": "7.1.3"
    },
    "marge": {
      "options": {
        "reportDir": "/Users/octav/OneDrive/Escritorio/seleniumAdvenced/TestsReports",
        "reportFilename": "testResults"
      },
      "version": "6.2.0"
    }
  }
}